# JRE version: 7.0_25-b17
# Java VM: Java HotSpot(TM) Client VM (23.25-b01 mixed mode windows-x86 )
Heap
 def new generation   total 96576K, used 73218K [0x03ca0000, 0x0a560000, 0x191f0000)
  eden space 85888K,  85% used [0x03ca0000, 0x08420930, 0x09080000)
  from space 10688K,   0% used [0x09af0000, 0x09af0000, 0x0a560000)
  to   space 10688K,   0% used [0x09080000, 0x09080000, 0x09af0000)
 tenured generation   total 214456K, used 111943K [0x191f0000, 0x2635e000, 0x43ca0000)
   the space 214456K,  52% used [0x191f0000, 0x1ff41e68, 0x205b7400, 0x2635e000)
 compacting perm gen  total 187700K, used 187699K [0x43ca0000, 0x4f3ed000, 0x53ca0000)
   the space 187700K,  99% used [0x43ca0000, 0x4f3ece50, 0x4f3ed000, 0x4f3ed000)
GC Heap History (10 events):
Event: 15506.093 GC heap after
Heap after GC invocations=443 (full 117):
 def new generation   total 92544K, used 10240K [0x03ca0000, 0x0a100000, 0x191f0000)
  eden space 82304K,   0% used [0x03ca0000, 0x03ca0000, 0x08d00000)
  from space 10240K, 100% used [0x09700000, 0x0a100000, 0x0a100000)
  to   space 10240K,   0% used [0x08d00000, 0x08d00000, 0x09700000)
 tenured generation   total 205476K, used 121112K [0x191f0000, 0x25a99000, 0x43ca0000)
   the space 205476K,  58% used [0x191f0000, 0x20836188, 0x20836200, 0x25a99000)
 compacting perm gen  total 180992K, used 180802K [0x43ca0000, 0x4ed60000, 0x53ca0000)
   the space 180992K,  99% used [0x43ca0000, 0x4ed30938, 0x4ed30a00, 0x4ed60000)
No shared spaces configured.
}
Event: 15506.622 GC heap before
{Heap before GC invocations=443 (full 117):
 def new generation   total 92544K, used 64717K [0x03ca0000, 0x0a100000, 0x191f0000)
  eden space 82304K,  66% used [0x03ca0000, 0x071d3720, 0x08d00000)
  from space 10240K, 100% used [0x09700000, 0x0a100000, 0x0a100000)
  to   space 10240K,   0% used [0x08d00000, 0x08d00000, 0x09700000)
 tenured generation   total 205476K, used 121112K [0x191f0000, 0x25a99000, 0x43ca0000)
   the space 205476K,  58% used [0x191f0000, 0x20836188, 0x20836200, 0x25a99000)
 compacting perm gen  total 181760K, used 181760K [0x43ca0000, 0x4ee20000, 0x53ca0000)
   the space 181760K, 100% used [0x43ca0000, 0x4ee20000, 0x4ee20000, 0x4ee20000)
No shared spaces configured.
Event: 15507.237 GC heap after
Heap after GC invocations=444 (full 118):
 def new generation   total 96576K, used 0K [0x03ca0000, 0x0a560000, 0x191f0000)
  eden space 85888K,   0% used [0x03ca0000, 0x03ca0000, 0x09080000)
  from space 10688K,   0% used [0x09080000, 0x09080000, 0x09af0000)
  to   space 10688K,   0% used [0x09af0000, 0x09af0000, 0x0a560000)
 tenured generation   total 214456K, used 128673K [0x191f0000, 0x2635e000, 0x43ca0000)
   the space 214456K,  59% used [0x191f0000, 0x20f98458, 0x20f98600, 0x2635e000)
 compacting perm gen  total 181760K, used 181760K [0x43ca0000, 0x4ee20000, 0x53ca0000)
   the space 181760K, 100% used [0x43ca0000, 0x4ee20000, 0x4ee20000, 0x4ee20000)
No shared spaces configured.
}
Event: 15526.728 GC heap before
{Heap before GC invocations=444 (full 118):
 def new generation   total 96576K, used 79650K [0x03ca0000, 0x0a560000, 0x191f0000)
  eden space 85888K,  92% used [0x03ca0000, 0x08a68998, 0x09080000)
  from space 10688K,   0% used [0x09080000, 0x09080000, 0x09af0000)
  to   space 10688K,   0% used [0x09af0000, 0x09af0000, 0x0a560000)
 tenured generation   total 214456K, used 128673K [0x191f0000, 0x2635e000, 0x43ca0000)
   the space 214456K,  59% used [0x191f0000, 0x20f98458, 0x20f98600, 0x2635e000)
 compacting perm gen  total 183296K, used 183098K [0x43ca0000, 0x4efa0000, 0x53ca0000)
   the space 183296K,  99% used [0x43ca0000, 0x4ef6e948, 0x4ef6ea00, 0x4efa0000)
No shared spaces configured.
Event: 15527.420 GC heap after
Heap after GC invocations=445 (full 119):
 def new generation   total 96576K, used 0K [0x03ca0000, 0x0a560000, 0x191f0000)
  eden space 85888K,   0% used [0x03ca0000, 0x03ca0000, 0x09080000)
  from space 10688K,   0% used [0x09080000, 0x09080000, 0x09af0000)
  to   space 10688K,   0% used [0x09af0000, 0x09af0000, 0x0a560000)
 tenured generation   total 214456K, used 122952K [0x191f0000, 0x2635e000, 0x43ca0000)
   the space 214456K,  57% used [0x191f0000, 0x20a020f8, 0x20a02200, 0x2635e000)
 compacting perm gen  total 183296K, used 183098K [0x43ca0000, 0x4efa0000, 0x53ca0000)
   the space 183296K,  99% used [0x43ca0000, 0x4ef6e948, 0x4ef6ea00, 0x4efa0000)
No shared spaces configured.
}
Event: 15803.344 GC heap before
{Heap before GC invocations=445 (full 119):
 def new generation   total 96576K, used 85888K [0x03ca0000, 0x0a560000, 0x191f0000)
  eden space 85888K, 100% used [0x03ca0000, 0x09080000, 0x09080000)
  from space 10688K,   0% used [0x09080000, 0x09080000, 0x09af0000)
  to   space 10688K,   0% used [0x09af0000, 0x09af0000, 0x0a560000)
 tenured generation   total 214456K, used 122952K [0x191f0000, 0x2635e000, 0x43ca0000)
   the space 214456K,  57% used [0x191f0000, 0x20a020f8, 0x20a02200, 0x2635e000)
 compacting perm gen  total 186368K, used 186275K [0x43ca0000, 0x4f2a0000, 0x53ca0000)
   the space 186368K,  99% used [0x43ca0000, 0x4f288d30, 0x4f288e00, 0x4f2a0000)
No shared spaces configured.
Event: 15803.385 GC heap after
Heap after GC invocations=446 (full 119):
 def new generation   total 96576K, used 10688K [0x03ca0000, 0x0a560000, 0x191f0000)
  eden space 85888K,   0% used [0x03ca0000, 0x03ca0000, 0x09080000)
  from space 10688K, 100% used [0x09af0000, 0x0a560000, 0x0a560000)
  to   space 10688K,   0% used [0x09080000, 0x09080000, 0x09af0000)
 tenured generation   total 214456K, used 123443K [0x191f0000, 0x2635e000, 0x43ca0000)
   the space 214456K,  57% used [0x191f0000, 0x20a7ccf0, 0x20a7ce00, 0x2635e000)
 compacting perm gen  total 186368K, used 186275K [0x43ca0000, 0x4f2a0000, 0x53ca0000)
   the space 186368K,  99% used [0x43ca0000, 0x4f288d30, 0x4f288e00, 0x4f2a0000)
No shared spaces configured.
}
Event: 15804.399 GC heap before
{Heap before GC invocations=446 (full 119):
 def new generation   total 96576K, used 66517K [0x03ca0000, 0x0a560000, 0x191f0000)
  eden space 85888K,  65% used [0x03ca0000, 0x07325530, 0x09080000)
  from space 10688K, 100% used [0x09af0000, 0x0a560000, 0x0a560000)
  to   space 10688K,   0% used [0x09080000, 0x09080000, 0x09af0000)
 tenured generation   total 214456K, used 123443K [0x191f0000, 0x2635e000, 0x43ca0000)
   the space 214456K,  57% used [0x191f0000, 0x20a7ccf0, 0x20a7ce00, 0x2635e000)
 compacting perm gen  total 187392K, used 187391K [0x43ca0000, 0x4f3a0000, 0x53ca0000)
   the space 187392K,  99% used [0x43ca0000, 0x4f39ffc0, 0x4f3a0000, 0x4f3a0000)
No shared spaces configured.
Event: 15805.191 GC heap after
Heap after GC invocations=447 (full 120):
 def new generation   total 96576K, used 0K [0x03ca0000, 0x0a560000, 0x191f0000)
  eden space 85888K,   0% used [0x03ca0000, 0x03ca0000, 0x09080000)
  from space 10688K,   0% used [0x09af0000, 0x09af0000, 0x0a560000)
  to   space 10688K,   0% used [0x09080000, 0x09080000, 0x09af0000)
 tenured generation   total 214456K, used 111943K [0x191f0000, 0x2635e000, 0x43ca0000)
   the space 214456K,  52% used [0x191f0000, 0x1ff41e68, 0x1ff42000, 0x2635e000)
 compacting perm gen  total 186880K, used 186731K [0x43ca0000, 0x4f320000, 0x53ca0000)
   the space 186880K,  99% used [0x43ca0000, 0x4f2faf28, 0x4f2fb000, 0x4f320000)
No shared spaces configured.
}
Event: 15831.526 GC heap before
{Heap before GC invocations=447 (full 120):
 def new generation   total 96576K, used 73218K [0x03ca0000, 0x0a560000, 0x191f0000)
  eden space 85888K,  85% used [0x03ca0000, 0x08420930, 0x09080000)
  from space 10688K,   0% used [0x09af0000, 0x09af0000, 0x0a560000)
  to   space 10688K,   0% used [0x09080000, 0x09080000, 0x09af0000)
 tenured generation   total 214456K, used 111943K [0x191f0000, 0x2635e000, 0x43ca0000)
   the space 214456K,  52% used [0x191f0000, 0x1ff41e68, 0x1ff42000, 0x2635e000)
 compacting perm gen  total 187700K, used 187699K [0x43ca0000, 0x4f3ed000, 0x53ca0000)
   the space 187700K,  99% used [0x43ca0000, 0x4f3ece50, 0x4f3ed000, 0x4f3ed000)
No shared spaces configured.

